# JRE version: OpenJDK Runtime Environment (11.0+28) (build 11+28)
# Java VM: OpenJDK 64-Bit Server VM (11+28, mixed mode, tiered, compressed oops, g1 gc, windows-amd64)
Heap:
 garbage-first heap   total 416768K, used 103742K [0x0000000703600000, 0x0000000800000000)
  region size 1024K, 75 young (76800K), 19 survivors (19456K)
 Metaspace       used 76711K, capacity 79068K, committed 79232K, reserved 1118208K
  class space    used 10242K, capacity 11125K, committed 11136K, reserved 1048576K
GC Heap History (10 events):
Event: 3.248 GC heap before
{Heap before GC invocations=9 (full 0):
 garbage-first heap   total 312320K, used 36339K [0x0000000703600000, 0x0000000800000000)
  region size 1024K, 19 young (19456K), 10 survivors (10240K)
 Metaspace       used 34709K, capacity 35800K, committed 35840K, reserved 1081344K
  class space    used 4418K, capacity 4839K, committed 4864K, reserved 1048576K
}
Event: 3.264 GC heap after
{Heap after GC invocations=10 (full 0):
 garbage-first heap   total 312320K, used 30028K [0x0000000703600000, 0x0000000800000000)
  region size 1024K, 11 young (11264K), 11 survivors (11264K)
 Metaspace       used 34709K, capacity 35800K, committed 35840K, reserved 1081344K
  class space    used 4418K, capacity 4839K, committed 4864K, reserved 1048576K
}
Event: 3.745 GC heap before
{Heap before GC invocations=11 (full 0):
 garbage-first heap   total 312320K, used 163148K [0x0000000703600000, 0x0000000800000000)
  region size 1024K, 142 young (145408K), 11 survivors (11264K)
 Metaspace       used 37939K, capacity 39320K, committed 39552K, reserved 1083392K
  class space    used 4870K, capacity 5395K, committed 5504K, reserved 1048576K
}
Event: 3.762 GC heap after
{Heap after GC invocations=12 (full 0):
 garbage-first heap   total 312320K, used 32644K [0x0000000703600000, 0x0000000800000000)
  region size 1024K, 12 young (12288K), 12 survivors (12288K)
 Metaspace       used 37939K, capacity 39320K, committed 39552K, reserved 1083392K
  class space    used 4870K, capacity 5395K, committed 5504K, reserved 1048576K
}
Event: 4.984 GC heap before
{Heap before GC invocations=12 (full 0):
 garbage-first heap   total 312320K, used 181124K [0x0000000703600000, 0x0000000800000000)
  region size 1024K, 157 young (160768K), 12 survivors (12288K)
 Metaspace       used 56168K, capacity 57770K, committed 58112K, reserved 1099776K
  class space    used 7461K, capacity 8080K, committed 8192K, reserved 1048576K
}
Event: 5.002 GC heap after
{Heap after GC invocations=13 (full 0):
 garbage-first heap   total 416768K, used 37440K [0x0000000703600000, 0x0000000800000000)
  region size 1024K, 15 young (15360K), 15 survivors (15360K)
 Metaspace       used 56168K, capacity 57770K, committed 58112K, reserved 1099776K
  class space    used 7461K, capacity 8080K, committed 8192K, reserved 1048576K
}
Event: 5.318 GC heap before
{Heap before GC invocations=13 (full 0):
 garbage-first heap   total 416768K, used 74304K [0x0000000703600000, 0x0000000800000000)
  region size 1024K, 53 young (54272K), 15 survivors (15360K)
 Metaspace       used 58517K, capacity 60182K, committed 60376K, reserved 1101824K
  class space    used 7777K, capacity 8457K, committed 8576K, reserved 1048576K
}
Event: 5.343 GC heap after
{Heap after GC invocations=14 (full 0):
 garbage-first heap   total 416768K, used 39488K [0x0000000703600000, 0x0000000800000000)
  region size 1024K, 17 young (17408K), 17 survivors (17408K)
 Metaspace       used 58517K, capacity 60182K, committed 60376K, reserved 1101824K
  class space    used 7777K, capacity 8457K, committed 8576K, reserved 1048576K
}
Event: 7.194 GC heap before
{Heap before GC invocations=15 (full 0):
 garbage-first heap   total 416768K, used 233024K [0x0000000703600000, 0x0000000800000000)
  region size 1024K, 206 young (210944K), 17 survivors (17408K)
 Metaspace       used 72029K, capacity 74092K, committed 74240K, reserved 1114112K
  class space    used 9588K, capacity 10390K, committed 10496K, reserved 1048576K
}
Event: 7.218 GC heap after
{Heap after GC invocations=16 (full 0):
 garbage-first heap   total 416768K, used 47422K [0x0000000703600000, 0x0000000800000000)
  region size 1024K, 19 young (19456K), 19 survivors (19456K)
 Metaspace       used 72029K, capacity 74092K, committed 74240K, reserved 1114112K
  class space    used 9588K, capacity 10390K, committed 10496K, reserved 1048576K
}

